<?xml version="1.0" encoding="UTF-8"?>
<robot generator="Robot 5.0.1 (Python 3.9.13 on win32)" generated="20221113 15:56:40.529" rpa="true" schemaversion="3">
<suite id="s1" name="Tasks" source="c:\DevEnv\Learning\Robots\Robot Ordering from RobotSpareBin Industries Inc\tasks.robot">
<test id="s1-t1" name="Order robots from RobotSpareBin Industries Inc" line="12">
<kw name="Open the robot order website">
<kw name="Open Available Browser" library="RPA.Browser.Selenium">
<arg>https://robotsparebinindustries.com/#/robot-order</arg>
<arg>maximized= True</arg>
<doc>Attempts to open a browser on the user's device from a set of
supported browsers. Automatically downloads a corresponding webdriver
if none is already installed.</doc>
<msg timestamp="20221113 15:56:41.139" level="INFO">Creating an instance of the Chrome WebDriver.</msg>
<msg timestamp="20221113 15:56:42.286" level="INFO">Created Chrome browser with arguments: --start-maximized --disable-dev-shm-usage --disable-web-security --allow-running-insecure-content --no-sandbox</msg>
<msg timestamp="20221113 15:56:42.287" level="INFO" html="true">&lt;p&gt;Attempted combinations:&lt;/p&gt;&lt;div class="doc"&gt;&lt;table&gt;&lt;tr&gt;&lt;th&gt;Browser&lt;/th&gt;&lt;th&gt;Download&lt;/th&gt;&lt;th&gt;Error&lt;/th&gt;&lt;/tr&gt;&lt;tr&gt;&lt;td&gt;Chrome&lt;/td&gt;&lt;td&gt;False&lt;/td&gt;&lt;td&gt;&lt;/td&gt;&lt;/tr&gt;&lt;/table&gt;&lt;/div&gt;</msg>
<msg timestamp="20221113 15:56:42.287" level="INFO">Opening url 'https://robotsparebinindustries.com/#/robot-order'</msg>
<status status="PASS" starttime="20221113 15:56:41.139" endtime="20221113 15:56:43.666"/>
</kw>
<kw name="Wait Until Element Is Visible" library="RPA.Browser.Selenium">
<arg>css:.btn-dark</arg>
<doc>Waits until the element ``locator`` is visible.</doc>
<status status="PASS" starttime="20221113 15:56:43.667" endtime="20221113 15:56:43.689"/>
</kw>
<status status="PASS" starttime="20221113 15:56:41.139" endtime="20221113 15:56:43.690"/>
</kw>
<status status="PASS" starttime="20221113 15:56:41.137" endtime="20221113 15:56:43.690"/>
</test>
<doc>Orders robots from RobotSpareBin Industries Inc.
Saves the order HTML receipt as a PDF file.
Saves the screenshot of the ordered robot.
Embeds the screenshot of the robot to the PDF receipt.
Creates ZIP archive of the receipts and the images.</doc>
<status status="PASS" starttime="20221113 15:56:40.535" endtime="20221113 15:56:43.693"/>
</suite>
<statistics>
<total>
<stat pass="1" fail="0" skip="0">All Tasks</stat>
</total>
<tag>
</tag>
<suite>
<stat pass="1" fail="0" skip="0" id="s1" name="Tasks">Tasks</stat>
</suite>
</statistics>
<errors>
</errors>
</robot>
